<?xml version="1.0" encoding="UTF-8"?>
<!-- Generated by org.testng.reporters.JUnitXMLReporter -->
<testsuite ignored="0" hostname="DESKTOP-QESGB3I" failures="0" tests="2" name="ErrorMessageValidationTest" time="0.034" errors="0" timestamp="2024-07-23T11:11:45 IST">
  <testcase classname="SeleniumProject.ErrorMessageValidationTest" name="LoginerrorValidation" time="0.001">
    <skipped/>
  </testcase> <!-- LoginerrorValidation -->
  <testcase classname="SeleniumProject.ErrorMessageValidationTest" name="ProducterrorValidation" time="0.001">
    <skipped/>
  </testcase> <!-- ProducterrorValidation -->
</testsuite> <!-- ErrorMessageValidationTest -->
