<?xml version="1.0" encoding="UTF-8"?>
<!-- Generated by org.testng.reporters.JUnitXMLReporter -->
<testsuite ignored="0" hostname="DESKTOP-QESGB3I" failures="0" tests="3" name="PlaceOrderTest" time="0.932" errors="0" timestamp="2024-07-23T11:11:45 IST">
  <testcase classname="BasePackage.BaseTest" name="@BeforeMethod LaunchApplication" time="0.031">
    <failure type="java.lang.NullPointerException" message="Cannot invoke &amp;quot;org.openqa.selenium.WebDriver.manage()&amp;quot; because &amp;quot;this.driver&amp;quot; is null">
      <![CDATA[java.lang.NullPointerException: Cannot invoke "org.openqa.selenium.WebDriver.manage()" because "this.driver" is null
at BasePackage.BaseTest.BrowserInitialisation(BaseTest.java:47)
at BasePackage.BaseTest.LaunchApplication(BaseTest.java:78)
at java.base/java.util.ArrayList.forEach(ArrayList.java:1596)
... Removed 33 stack frames]]>
    </failure>
  </testcase> <!-- @BeforeMethod LaunchApplication -->
  <testcase classname="BasePackage.BaseTest" name="@AfterMethod Teardown" time="0.004">
    <failure type="java.lang.NullPointerException" message="Cannot invoke &amp;quot;org.openqa.selenium.WebDriver.close()&amp;quot; because &amp;quot;this.driver&amp;quot; is null">
      <![CDATA[java.lang.NullPointerException: Cannot invoke "org.openqa.selenium.WebDriver.close()" because "this.driver" is null
at BasePackage.BaseTest.Teardown(BaseTest.java:87)
at java.base/java.util.ArrayList.forEach(ArrayList.java:1596)
... Removed 34 stack frames]]>
    </failure>
  </testcase> <!-- @AfterMethod Teardown -->
  <testcase classname="BasePackage.BaseTest" name="@BeforeMethod LaunchApplication" time="0.002">
    <failure type="java.lang.NullPointerException" message="Cannot invoke &amp;quot;org.openqa.selenium.WebDriver.manage()&amp;quot; because &amp;quot;this.driver&amp;quot; is null">
      <![CDATA[java.lang.NullPointerException: Cannot invoke "org.openqa.selenium.WebDriver.manage()" because "this.driver" is null
at BasePackage.BaseTest.BrowserInitialisation(BaseTest.java:47)
at BasePackage.BaseTest.LaunchApplication(BaseTest.java:78)
at java.base/java.util.ArrayList.forEach(ArrayList.java:1596)
... Removed 33 stack frames]]>
    </failure>
  </testcase> <!-- @BeforeMethod LaunchApplication -->
  <testcase classname="BasePackage.BaseTest" name="@AfterMethod Teardown" time="0.002">
    <failure type="java.lang.NullPointerException" message="Cannot invoke &amp;quot;org.openqa.selenium.WebDriver.close()&amp;quot; because &amp;quot;this.driver&amp;quot; is null">
      <![CDATA[java.lang.NullPointerException: Cannot invoke "org.openqa.selenium.WebDriver.close()" because "this.driver" is null
at BasePackage.BaseTest.Teardown(BaseTest.java:87)
at java.base/java.util.ArrayList.forEach(ArrayList.java:1596)
... Removed 34 stack frames]]>
    </failure>
  </testcase> <!-- @AfterMethod Teardown -->
  <testcase classname="SeleniumProject.TestorderTest" name="SubmitOrder" time="0.001">
    <skipped/>
  </testcase> <!-- SubmitOrder -->
  <testcase classname="SeleniumProject.TestorderTest" name="SubmitOrder" time="0.0">
    <skipped/>
  </testcase> <!-- SubmitOrder -->
  <testcase classname="SeleniumProject.TestorderTest" name="Order" time="0.0">
    <skipped/>
  </testcase> <!-- Order -->
</testsuite> <!-- PlaceOrderTest -->
