<?xml version="1.0" encoding="UTF-8"?>
<!-- Generated by org.testng.reporters.JUnitXMLReporter -->
<testsuite ignored="0" hostname="DESKTOP-QESGB3I" failures="0" tests="2" name="ErrorMessageValidationTest" time="17.751" errors="0" timestamp="2024-07-23T10:57:49 IST">
  <testcase classname="SeleniumProject.ErrorMessageValidationTest" name="LoginerrorValidation" time="1.578"/>
  <testcase classname="SeleniumProject.ErrorMessageValidationTest" name="ProducterrorValidation" time="3.27"/>
</testsuite> <!-- ErrorMessageValidationTest -->
